<?xml version="1.0" encoding="UTF-8"?>
<!-- Generated by org.testng.reporters.JUnitXMLReporter -->
<testsuite ignored="0" hostname="GTZAZRCTXCRA31" failures="0" tests="14" name="Reg-test" time="56.034" errors="0" timestamp="2023-06-08T18:19:47 GMT+05:00">
  <testcase classname="GTZTransportation.gtz.FreightPayment_MissingCarriersTest" name="@BeforeTest setup" time="2.334">
    <failure type="org.openqa.selenium.SessionNotCreatedException" message="session not created
from no such execution context: loader has changed while resolving nodes
  (Session info: chrome=114.0.5735.110)
Build info: version: &amp;apos;3.141.59&amp;apos;, revision: &amp;apos;e82be7d358&amp;apos;, time: &amp;apos;2018-11-14T08:17:03&amp;apos;
System info: host: &amp;apos;GTZAZRCTXCRA31&amp;apos;, ip: &amp;apos;172.24.9.22&amp;apos;, os.name: &amp;apos;Windows Server 2019&amp;apos;, os.arch: &amp;apos;amd64&amp;apos;, os.version: &amp;apos;10.0&amp;apos;, java.version: &amp;apos;17.0.6&amp;apos;
Driver info: driver.version: ChromeDriver
remote stacktrace: Backtrace:
	GetHandleVerifier [0x012BA813+48355]
	(No symbol) [0x0124C4B1]
	(No symbol) [0x01155358]
	(No symbol) [0x01157D86]
	(No symbol) [0x011599E1]
	(No symbol) [0x01159A80]
	(No symbol) [0x011A1F1B]
	(No symbol) [0x011A093C]
	(No symbol) [0x0119A536]
	(No symbol) [0x011782DC]
	(No symbol) [0x011793DD]
	GetHandleVerifier [0x0151AABD+2539405]
	GetHandleVerifier [0x0155A78F+2800735]
	GetHandleVerifier [0x0155456C+2775612]
	GetHandleVerifier [0x013451E0+616112]
	(No symbol) [0x01255F8C]
	(No symbol) [0x01252328]
	(No symbol) [0x0125240B]
	(No symbol) [0x01244FF7]
	BaseThreadInitThunk [0x750205C9+25]
	RtlGetAppContainerNamedObjectPath [0x76F677AD+237]
	RtlGetAppContainerNamedObjectPath [0x76F6777D+189]
">
      <![CDATA[org.openqa.selenium.SessionNotCreatedException: session not created
from no such execution context: loader has changed while resolving nodes
  (Session info: chrome=114.0.5735.110)
Build info: version: '3.141.59', revision: 'e82be7d358', time: '2018-11-14T08:17:03'
System info: host: 'GTZAZRCTXCRA31', ip: '172.24.9.22', os.name: 'Windows Server 2019', os.arch: 'amd64', os.version: '10.0', java.version: '17.0.6'
Driver info: driver.version: ChromeDriver
remote stacktrace: Backtrace:
GetHandleVerifier [0x012BA813+48355]
(No symbol) [0x0124C4B1]
(No symbol) [0x01155358]
(No symbol) [0x01157D86]
(No symbol) [0x011599E1]
(No symbol) [0x01159A80]
(No symbol) [0x011A1F1B]
(No symbol) [0x011A093C]
(No symbol) [0x0119A536]
(No symbol) [0x011782DC]
(No symbol) [0x011793DD]
GetHandleVerifier [0x0151AABD+2539405]
GetHandleVerifier [0x0155A78F+2800735]
GetHandleVerifier [0x0155456C+2775612]
GetHandleVerifier [0x013451E0+616112]
(No symbol) [0x01255F8C]
(No symbol) [0x01252328]
(No symbol) [0x0125240B]
(No symbol) [0x01244FF7]
BaseThreadInitThunk [0x750205C9+25]
RtlGetAppContainerNamedObjectPath [0x76F677AD+237]
RtlGetAppContainerNamedObjectPath [0x76F6777D+189]

at org.openqa.selenium.remote.W3CHandshakeResponse.lambda$errorHandler$0(W3CHandshakeResponse.java:62)
at org.openqa.selenium.remote.HandshakeResponse.lambda$getResponseFunction$0(HandshakeResponse.java:30)
at org.openqa.selenium.remote.ProtocolHandshake.lambda$createSession$0(ProtocolHandshake.java:126)
at java.base/java.util.stream.ReferencePipeline$3$1.accept(ReferencePipeline.java:197)
at java.base/java.util.Spliterators$ArraySpliterator.tryAdvance(Spliterators.java:1002)
at java.base/java.util.stream.ReferencePipeline.forEachWithCancel(ReferencePipeline.java:129)
at java.base/java.util.stream.AbstractPipeline.copyIntoWithCancel(AbstractPipeline.java:527)
at java.base/java.util.stream.AbstractPipeline.copyInto(AbstractPipeline.java:513)
at java.base/java.util.stream.AbstractPipeline.wrapAndCopyInto(AbstractPipeline.java:499)
at java.base/java.util.stream.FindOps$FindOp.evaluateSequential(FindOps.java:150)
at java.base/java.util.stream.AbstractPipeline.evaluate(AbstractPipeline.java:234)
at java.base/java.util.stream.ReferencePipeline.findFirst(ReferencePipeline.java:647)
at org.openqa.selenium.remote.ProtocolHandshake.createSession(ProtocolHandshake.java:128)
at org.openqa.selenium.remote.ProtocolHandshake.createSession(ProtocolHandshake.java:74)
at org.openqa.selenium.remote.HttpCommandExecutor.execute(HttpCommandExecutor.java:136)
at org.openqa.selenium.remote.service.DriverCommandExecutor.execute(DriverCommandExecutor.java:83)
at org.openqa.selenium.remote.RemoteWebDriver.execute(RemoteWebDriver.java:552)
at org.openqa.selenium.remote.RemoteWebDriver.startSession(RemoteWebDriver.java:213)
at org.openqa.selenium.remote.RemoteWebDriver.<init>(RemoteWebDriver.java:131)
at org.openqa.selenium.chrome.ChromeDriver.<init>(ChromeDriver.java:181)
at org.openqa.selenium.chrome.ChromeDriver.<init>(ChromeDriver.java:168)
at org.openqa.selenium.chrome.ChromeDriver.<init>(ChromeDriver.java:123)
at GTZTransportation.gtz.BaseClass.initialization(BaseClass.java:27)
at GTZTransportation.gtz.FreightPayment_MissingCarriersTest.setup(FreightPayment_MissingCarriersTest.java:22)
... Removed 29 stack frames]]>
    </failure>
  </testcase> <!-- @BeforeTest setup -->
  <testcase classname="GTZTransportation.gtz.KSXAdmin_ManageShipmentTest" name="@BeforeTest setup" time="-1.686230387273E9">
    <skipped/>
  </testcase> <!-- @BeforeTest setup -->
  <testcase classname="GTZTransportation.gtz.LoadBoard_Search_SpotQuoteTest" name="@BeforeTest setup" time="-1.686230387276E9">
    <skipped/>
  </testcase> <!-- @BeforeTest setup -->
  <testcase classname="GTZTransportation.gtz.LoadBoard_SpotQuoteTest" name="@BeforeTest setup" time="-1.686230387277E9">
    <skipped/>
  </testcase> <!-- @BeforeTest setup -->
  <testcase classname="GTZTransportation.gtz.VICS_VeiwOrdersTest" name="@BeforeTest setup" time="-1.686230387279E9">
    <skipped/>
  </testcase> <!-- @BeforeTest setup -->
  <testcase classname="GTZTransportation.gtz.VICS_VerifyBOLCreationTest" name="@BeforeTest setup" time="-1.686230387279E9">
    <skipped/>
  </testcase> <!-- @BeforeTest setup -->
  <testcase classname="GTZTransportation.gtz.VICS_VerifyCustomerTest" name="@BeforeTest setup" time="-1.686230387281E9">
    <skipped/>
  </testcase> <!-- @BeforeTest setup -->
  <testcase classname="GTZTransportation.gtz.CreateBOL_FindRatesTest" name="@AfterTest tearDown" time="-1.686230387601E9">
    <skipped/>
  </testcase> <!-- @AfterTest tearDown -->
  <testcase classname="GTZTransportation.gtz.CreateBOL_FindRates_CustomerRouted_Test" name="@AfterTest tearDown" time="-1.686230387609E9">
    <skipped/>
  </testcase> <!-- @AfterTest tearDown -->
  <testcase classname="GTZTransportation.gtz.CreateDirectLoad_AwardTest" name="@AfterTest tearDown" time="-1.686230387609E9">
    <skipped/>
  </testcase> <!-- @AfterTest tearDown -->
  <testcase classname="GTZTransportation.gtz.CreateMassLoad_AwardTest" name="@AfterTest tearDown" time="-1.68623038761E9">
    <skipped/>
  </testcase> <!-- @AfterTest tearDown -->
  <testcase classname="GTZTransportation.gtz.CreateQuickLoad_AwardTest" name="@AfterTest tearDown" time="-1.686230387611E9">
    <skipped/>
  </testcase> <!-- @AfterTest tearDown -->
  <testcase classname="GTZTransportation.gtz.FindRatesCarriersTest" name="@AfterTest tearDown" time="-1.686230387611E9">
    <skipped/>
  </testcase> <!-- @AfterTest tearDown -->
  <testcase classname="GTZTransportation.gtz.FreightPayment_AccountPayableTest" name="@AfterTest tearDown" time="-1.686230387612E9">
    <skipped/>
  </testcase> <!-- @AfterTest tearDown -->
  <testcase classname="GTZTransportation.gtz.FreightPayment_MissingCarriersTest" name="@AfterTest tearDown" time="-1.686230387613E9">
    <skipped/>
  </testcase> <!-- @AfterTest tearDown -->
  <testcase classname="GTZTransportation.gtz.KSXAdmin_ManageShipmentTest" name="@AfterTest tearDown" time="-1.686230387613E9">
    <skipped/>
  </testcase> <!-- @AfterTest tearDown -->
  <testcase classname="GTZTransportation.gtz.LoadBoard_Search_SpotQuoteTest" name="@AfterTest tearDown" time="-1.686230387614E9">
    <skipped/>
  </testcase> <!-- @AfterTest tearDown -->
  <testcase classname="GTZTransportation.gtz.LoadBoard_SpotQuoteTest" name="@AfterTest tearDown" time="-1.686230387615E9">
    <skipped/>
  </testcase> <!-- @AfterTest tearDown -->
  <testcase classname="GTZTransportation.gtz.VICS_VeiwOrdersTest" name="@AfterTest tearDown" time="-1.686230387616E9">
    <skipped/>
  </testcase> <!-- @AfterTest tearDown -->
  <testcase classname="GTZTransportation.gtz.VICS_VerifyBOLCreationTest" name="@AfterTest tearDown" time="-1.686230387616E9">
    <skipped/>
  </testcase> <!-- @AfterTest tearDown -->
  <testcase classname="GTZTransportation.gtz.VICS_VerifyCustomerTest" name="@AfterTest tearDown" time="-1.686230387617E9">
    <skipped/>
  </testcase> <!-- @AfterTest tearDown -->
  <testcase classname="GTZTransportation.gtz.CreateQuickLoad_AwardTest" name="spotQuote_QuickLoad_Tests" time="0.0">
    <skipped/>
  </testcase> <!-- spotQuote_QuickLoad_Tests -->
  <testcase classname="GTZTransportation.gtz.CreateMassLoad_AwardTest" name="spotQuote_MassLoad_Tests" time="0.0">
    <skipped/>
  </testcase> <!-- spotQuote_MassLoad_Tests -->
  <testcase classname="GTZTransportation.gtz.CreateDirectLoad_AwardTest" name="spotQuote_DirectLoad_Tests" time="0.0">
    <skipped/>
  </testcase> <!-- spotQuote_DirectLoad_Tests -->
  <testcase classname="GTZTransportation.gtz.LoadBoard_SpotQuoteTest" name="spotQuote_LoadBoard_Search_Tests" time="0.0">
    <skipped/>
  </testcase> <!-- spotQuote_LoadBoard_Search_Tests -->
  <testcase classname="GTZTransportation.gtz.LoadBoard_Search_SpotQuoteTest" name="spotQuote_LoadBoard_Tests" time="0.0">
    <skipped/>
  </testcase> <!-- spotQuote_LoadBoard_Tests -->
  <testcase classname="GTZTransportation.gtz.FindRatesCarriersTest" name="FindRates_Carriers_Tests" time="0.0">
    <skipped/>
  </testcase> <!-- FindRates_Carriers_Tests -->
  <testcase classname="GTZTransportation.gtz.CreateBOL_FindRatesTest" name="FindRates_BOL_Creation_Tests" time="0.0">
    <skipped/>
  </testcase> <!-- FindRates_BOL_Creation_Tests -->
  <testcase classname="GTZTransportation.gtz.CreateBOL_FindRates_CustomerRouted_Test" name="FindRates_BOL_Creation_CustomerRouted_Tests" time="0.0">
    <skipped/>
  </testcase> <!-- FindRates_BOL_Creation_CustomerRouted_Tests -->
  <testcase classname="GTZTransportation.gtz.FreightPayment_MissingCarriersTest" name="FreightPayment_Missing_Carriers" time="0.0">
    <skipped/>
  </testcase> <!-- FreightPayment_Missing_Carriers -->
  <testcase classname="GTZTransportation.gtz.FreightPayment_AccountPayableTest" name="FreightPayment_Account_Payable" time="0.0">
    <skipped/>
  </testcase> <!-- FreightPayment_Account_Payable -->
  <testcase classname="GTZTransportation.gtz.KSXAdmin_ManageShipmentTest" name="KSXAdmin_ManageShipment_Tests" time="0.0">
    <skipped/>
  </testcase> <!-- KSXAdmin_ManageShipment_Tests -->
  <testcase classname="GTZTransportation.gtz.VICS_VerifyCustomerTest" name="VICS_CustomersList_Tests" time="0.0">
    <skipped/>
  </testcase> <!-- VICS_CustomersList_Tests -->
  <testcase classname="GTZTransportation.gtz.VICS_VerifyBOLCreationTest" name="VICS_BOLCreation_Tests" time="0.0">
    <skipped/>
  </testcase> <!-- VICS_BOLCreation_Tests -->
  <testcase classname="GTZTransportation.gtz.VICS_VeiwOrdersTest" name="VICS_ViewOrders_Tests" time="0.0">
    <skipped/>
  </testcase> <!-- VICS_ViewOrders_Tests -->
</testsuite> <!-- Reg-test -->
